<?xml version="1.0" encoding="windows-1252" standalone="no"?>
<!DOCTYPE log SYSTEM "logger.dtd">
<log>
<record>
  <date>2017-10-11T15:14:47</date>
  <millis>1507749287274</millis>
  <sequence>6</sequence>
  <logger>ESPlorer.ESPlorer</logger>
  <level>INFO</level>
  <class>ESPlorer.ESPlorer</class>
  <method>log</method>
  <thread>15</thread>
  <message>Load saved settings: Firmware:NodeMCU</message>
</record>
<record>
  <date>2017-10-11T15:14:47</date>
  <millis>1507749287287</millis>
  <sequence>7</sequence>
  <logger>ESPlorer.ESPlorer</logger>
  <level>INFO</level>
  <class>ESPlorer.ESPlorer</class>
  <method>log</method>
  <thread>15</thread>
  <message>Snippets: loading...</message>
</record>
<record>
  <date>2017-10-11T15:14:47</date>
  <millis>1507749287293</millis>
  <sequence>8</sequence>
  <logger>ESPlorer.ESPlorer</logger>
  <level>INFO</level>
  <class>ESPlorer.ESPlorer</class>
  <method>log</method>
  <thread>15</thread>
  <message>Snippets load: Success.</message>
</record>
<record>
  <date>2017-10-11T15:14:47</date>
  <millis>1507749287375</millis>
  <sequence>9</sequence>
  <logger>ESPlorer.ESPlorer</logger>
  <level>INFO</level>
  <class>ESPlorer.ESPlorer</class>
  <method>log</method>
  <thread>15</thread>
  <message>Set new color theme: Success.</message>
</record>
<record>
  <date>2017-10-11T15:14:47</date>
  <millis>1507749287404</millis>
  <sequence>10</sequence>
  <logger>ESPlorer.ESPlorer</logger>
  <level>INFO</level>
  <class>ESPlorer.ESPlorer</class>
  <method>log</method>
  <thread>15</thread>
  <message>Load saved settings: DONE.</message>
</record>
<record>
  <date>2017-10-11T15:14:47</date>
  <millis>1507749287407</millis>
  <sequence>11</sequence>
  <logger>ESPlorer.ESPlorer</logger>
  <level>INFO</level>
  <class>ESPlorer.ESPlorer</class>
  <method>log</method>
  <thread>15</thread>
  <message>Snippets: loading...</message>
</record>
<record>
  <date>2017-10-11T15:14:47</date>
  <millis>1507749287410</millis>
  <sequence>12</sequence>
  <logger>ESPlorer.ESPlorer</logger>
  <level>INFO</level>
  <class>ESPlorer.ESPlorer</class>
  <method>log</method>
  <thread>15</thread>
  <message>Snippets load: Success.</message>
</record>
<record>
  <date>2017-10-11T15:14:47</date>
  <millis>1507749287708</millis>
  <sequence>13</sequence>
  <logger>ESPlorer.ESPlorer</logger>
  <level>INFO</level>
  <class>ESPlorer.ESPlorer</class>
  <method>log</method>
  <thread>15</thread>
  <message>Scan system...</message>
</record>
<record>
  <date>2017-10-11T15:14:47</date>
  <millis>1507749287713</millis>
  <sequence>14</sequence>
  <logger>ESPlorer.ESPlorer</logger>
  <level>INFO</level>
  <class>ESPlorer.ESPlorer</class>
  <method>log</method>
  <thread>15</thread>
  <message>Could not find any serial port. Please, connect device and ReScan</message>
</record>
<record>
  <date>2017-10-11T15:14:47</date>
  <millis>1507749287715</millis>
  <sequence>15</sequence>
  <logger>ESPlorer.ESPlorer</logger>
  <level>INFO</level>
  <class>ESPlorer.ESPlorer</class>
  <method>log</method>
  <thread>15</thread>
  <message>Scan done.</message>
</record>
<record>
  <date>2017-10-11T15:15:49</date>
  <millis>1507749349144</millis>
  <sequence>16</sequence>
  <logger>ESPlorer.ESPlorer</logger>
  <level>INFO</level>
  <class>ESPlorer.ESPlorer</class>
  <method>log</method>
  <thread>15</thread>
  <message>Serial port /dev/ttyACM0 save as default.</message>
</record>
<record>
  <date>2017-10-11T15:15:49</date>
  <millis>1507749349145</millis>
  <sequence>17</sequence>
  <logger>ESPlorer.ESPlorer</logger>
  <level>INFO</level>
  <class>ESPlorer.ESPlorer</class>
  <method>log</method>
  <thread>15</thread>
  <message>Baud rate 9600 save as default.</message>
</record>
<record>
  <date>2017-10-11T15:15:49</date>
  <millis>1507749349147</millis>
  <sequence>18</sequence>
  <logger>ESPlorer.ESPlorer</logger>
  <level>INFO</level>
  <class>ESPlorer.ESPlorer</class>
  <method>log</method>
  <thread>15</thread>
  <message>Try to open port /dev/ttyACM0, baud 9600, 8N1</message>
</record>
<record>
  <date>2017-10-11T15:15:49</date>
  <millis>1507749349151</millis>
  <sequence>19</sequence>
  <logger>ESPlorer.ESPlorer</logger>
  <level>INFO</level>
  <class>ESPlorer.ESPlorer</class>
  <method>log</method>
  <thread>15</thread>
  <message>jssc.SerialPortException: Port name - /dev/ttyACM0; Method name - openPort(); Exception type - Port busy.</message>
</record>
<record>
  <date>2017-10-11T15:15:50</date>
  <millis>1507749350701</millis>
  <sequence>20</sequence>
  <logger>ESPlorer.ESPlorer</logger>
  <level>INFO</level>
  <class>ESPlorer.ESPlorer</class>
  <method>log</method>
  <thread>15</thread>
  <message>Serial port /dev/ttyACM0 save as default.</message>
</record>
<record>
  <date>2017-10-11T15:15:50</date>
  <millis>1507749350702</millis>
  <sequence>21</sequence>
  <logger>ESPlorer.ESPlorer</logger>
  <level>INFO</level>
  <class>ESPlorer.ESPlorer</class>
  <method>log</method>
  <thread>15</thread>
  <message>Baud rate 9600 save as default.</message>
</record>
<record>
  <date>2017-10-11T15:15:50</date>
  <millis>1507749350703</millis>
  <sequence>22</sequence>
  <logger>ESPlorer.ESPlorer</logger>
  <level>INFO</level>
  <class>ESPlorer.ESPlorer</class>
  <method>log</method>
  <thread>15</thread>
  <message>Try to open port /dev/ttyACM0, baud 9600, 8N1</message>
</record>
<record>
  <date>2017-10-11T15:15:50</date>
  <millis>1507749350703</millis>
  <sequence>23</sequence>
  <logger>ESPlorer.ESPlorer</logger>
  <level>INFO</level>
  <class>ESPlorer.ESPlorer</class>
  <method>log</method>
  <thread>15</thread>
  <message>jssc.SerialPortException: Port name - /dev/ttyACM0; Method name - openPort(); Exception type - Port busy.</message>
</record>
<record>
  <date>2017-10-11T15:15:52</date>
  <millis>1507749352550</millis>
  <sequence>24</sequence>
  <logger>ESPlorer.ESPlorer</logger>
  <level>INFO</level>
  <class>ESPlorer.ESPlorer</class>
  <method>log</method>
  <thread>15</thread>
  <message>Serial port /dev/ttyACM0 save as default.</message>
</record>
<record>
  <date>2017-10-11T15:15:52</date>
  <millis>1507749352551</millis>
  <sequence>25</sequence>
  <logger>ESPlorer.ESPlorer</logger>
  <level>INFO</level>
  <class>ESPlorer.ESPlorer</class>
  <method>log</method>
  <thread>15</thread>
  <message>Baud rate 9600 save as default.</message>
</record>
<record>
  <date>2017-10-11T15:15:52</date>
  <millis>1507749352552</millis>
  <sequence>26</sequence>
  <logger>ESPlorer.ESPlorer</logger>
  <level>INFO</level>
  <class>ESPlorer.ESPlorer</class>
  <method>log</method>
  <thread>15</thread>
  <message>Try to open port /dev/ttyACM0, baud 9600, 8N1</message>
</record>
<record>
  <date>2017-10-11T15:15:52</date>
  <millis>1507749352552</millis>
  <sequence>27</sequence>
  <logger>ESPlorer.ESPlorer</logger>
  <level>INFO</level>
  <class>ESPlorer.ESPlorer</class>
  <method>log</method>
  <thread>15</thread>
  <message>jssc.SerialPortException: Port name - /dev/ttyACM0; Method name - openPort(); Exception type - Port busy.</message>
</record>
<record>
  <date>2017-10-11T15:16:06</date>
  <millis>1507749366986</millis>
  <sequence>28</sequence>
  <logger>ESPlorer.ESPlorer</logger>
  <level>INFO</level>
  <class>ESPlorer.ESPlorer</class>
  <method>log</method>
  <thread>15</thread>
  <message>Serial port COM5 save as default.</message>
</record>
<record>
  <date>2017-10-11T15:16:06</date>
  <millis>1507749366987</millis>
  <sequence>29</sequence>
  <logger>ESPlorer.ESPlorer</logger>
  <level>INFO</level>
  <class>ESPlorer.ESPlorer</class>
  <method>log</method>
  <thread>15</thread>
  <message>Baud rate 9600 save as default.</message>
</record>
<record>
  <date>2017-10-11T15:16:06</date>
  <millis>1507749366988</millis>
  <sequence>30</sequence>
  <logger>ESPlorer.ESPlorer</logger>
  <level>INFO</level>
  <class>ESPlorer.ESPlorer</class>
  <method>log</method>
  <thread>15</thread>
  <message>Try to open port COM5, baud 9600, 8N1</message>
</record>
<record>
  <date>2017-10-11T15:16:06</date>
  <millis>1507749366989</millis>
  <sequence>31</sequence>
  <logger>ESPlorer.ESPlorer</logger>
  <level>INFO</level>
  <class>ESPlorer.ESPlorer</class>
  <method>log</method>
  <thread>15</thread>
  <message>jssc.SerialPortException: Port name - COM5; Method name - openPort(); Exception type - Port not found.</message>
</record>
<record>
  <date>2017-10-11T15:16:08</date>
  <millis>1507749368133</millis>
  <sequence>32</sequence>
  <logger>ESPlorer.ESPlorer</logger>
  <level>INFO</level>
  <class>ESPlorer.ESPlorer</class>
  <method>log</method>
  <thread>15</thread>
  <message>Serial port COM5 save as default.</message>
</record>
<record>
  <date>2017-10-11T15:16:08</date>
  <millis>1507749368134</millis>
  <sequence>33</sequence>
  <logger>ESPlorer.ESPlorer</logger>
  <level>INFO</level>
  <class>ESPlorer.ESPlorer</class>
  <method>log</method>
  <thread>15</thread>
  <message>Baud rate 9600 save as default.</message>
</record>
<record>
  <date>2017-10-11T15:16:08</date>
  <millis>1507749368135</millis>
  <sequence>34</sequence>
  <logger>ESPlorer.ESPlorer</logger>
  <level>INFO</level>
  <class>ESPlorer.ESPlorer</class>
  <method>log</method>
  <thread>15</thread>
  <message>Try to open port COM5, baud 9600, 8N1</message>
</record>
<record>
  <date>2017-10-11T15:16:08</date>
  <millis>1507749368136</millis>
  <sequence>35</sequence>
  <logger>ESPlorer.ESPlorer</logger>
  <level>INFO</level>
  <class>ESPlorer.ESPlorer</class>
  <method>log</method>
  <thread>15</thread>
  <message>jssc.SerialPortException: Port name - COM5; Method name - openPort(); Exception type - Port not found.</message>
</record>
<record>
  <date>2017-10-11T15:16:15</date>
  <millis>1507749375841</millis>
  <sequence>36</sequence>
  <logger>ESPlorer.ESPlorer</logger>
  <level>INFO</level>
  <class>ESPlorer.ESPlorer</class>
  <method>log</method>
  <thread>15</thread>
  <message>Serial port COM4 save as default.</message>
</record>
<record>
  <date>2017-10-11T15:16:15</date>
  <millis>1507749375842</millis>
  <sequence>37</sequence>
  <logger>ESPlorer.ESPlorer</logger>
  <level>INFO</level>
  <class>ESPlorer.ESPlorer</class>
  <method>log</method>
  <thread>15</thread>
  <message>Baud rate 9600 save as default.</message>
</record>
<record>
  <date>2017-10-11T15:16:15</date>
  <millis>1507749375843</millis>
  <sequence>38</sequence>
  <logger>ESPlorer.ESPlorer</logger>
  <level>INFO</level>
  <class>ESPlorer.ESPlorer</class>
  <method>log</method>
  <thread>15</thread>
  <message>Try to open port COM4, baud 9600, 8N1</message>
</record>
<record>
  <date>2017-10-11T15:16:15</date>
  <millis>1507749375858</millis>
  <sequence>39</sequence>
  <logger>ESPlorer.ESPlorer</logger>
  <level>INFO</level>
  <class>ESPlorer.ESPlorer</class>
  <method>log</method>
  <thread>15</thread>
  <message>Open port COM4 - Success.</message>
</record>
<record>
  <date>2017-10-11T15:16:22</date>
  <millis>1507749382827</millis>
  <sequence>40</sequence>
  <logger>ESPlorer.ESPlorer</logger>
  <level>INFO</level>
  <class>ESPlorer.ESPlorer</class>
  <method>log</method>
  <thread>15</thread>
  <message>Snippets: loading...</message>
</record>
<record>
  <date>2017-10-11T15:16:22</date>
  <millis>1507749382829</millis>
  <sequence>41</sequence>
  <logger>ESPlorer.ESPlorer</logger>
  <level>INFO</level>
  <class>ESPlorer.ESPlorer</class>
  <method>log</method>
  <thread>15</thread>
  <message>Snippets load: Success.</message>
</record>
<record>
  <date>2017-10-11T15:16:23</date>
  <millis>1507749383124</millis>
  <sequence>42</sequence>
  <logger>ESPlorer.ESPlorer</logger>
  <level>INFO</level>
  <class>ESPlorer.ESPlorer</class>
  <method>log</method>
  <thread>15</thread>
  <message>Snippets: loading...</message>
</record>
<record>
  <date>2017-10-11T15:16:23</date>
  <millis>1507749383126</millis>
  <sequence>43</sequence>
  <logger>ESPlorer.ESPlorer</logger>
  <level>INFO</level>
  <class>ESPlorer.ESPlorer</class>
  <method>log</method>
  <thread>15</thread>
  <message>Snippets load: Success.</message>
</record>
<record>
  <date>2017-10-11T15:16:25</date>
  <millis>1507749385957</millis>
  <sequence>44</sequence>
  <logger>ESPlorer.ESPlorer</logger>
  <level>INFO</level>
  <class>ESPlorer.ESPlorer</class>
  <method>log</method>
  <thread>27</thread>
  <message>FileManager: Unknown serial port error received.</message>
</record>
<record>
  <date>2017-10-11T15:16:26</date>
  <millis>1507749386010</millis>
  <sequence>45</sequence>
  <logger>ESPlorer.ESPlorer</logger>
  <level>INFO</level>
  <class>ESPlorer.ESPlorer</class>
  <method>log</method>
  <thread>27</thread>
  <message>FileManager: Unknown serial port error received.</message>
</record>
<record>
  <date>2017-10-11T15:16:26</date>
  <millis>1507749386191</millis>
  <sequence>46</sequence>
  <logger>ESPlorer.ESPlorer</logger>
  <level>INFO</level>
  <class>ESPlorer.ESPlorer</class>
  <method>log</method>
  <thread>27</thread>
  <message>FileManager: Unknown serial port error received.</message>
</record>
<record>
  <date>2017-10-11T15:16:26</date>
  <millis>1507749386195</millis>
  <sequence>47</sequence>
  <logger>ESPlorer.ESPlorer</logger>
  <level>INFO</level>
  <class>ESPlorer.ESPlorer</class>
  <method>log</method>
  <thread>27</thread>
  <message>FileManager: Unknown serial port error received.</message>
</record>
<record>
  <date>2017-10-11T15:16:55</date>
  <millis>1507749415116</millis>
  <sequence>48</sequence>
  <logger>ESPlorer.ESPlorer</logger>
  <level>INFO</level>
  <class>ESPlorer.ESPlorer</class>
  <method>log</method>
  <thread>15</thread>
  <message>DataSender: start "Dumb Mode"</message>
</record>
<record>
  <date>2017-10-11T15:16:55</date>
  <millis>1507749415117</millis>
  <sequence>49</sequence>
  <logger>ESPlorer.ESPlorer</logger>
  <level>INFO</level>
  <class>ESPlorer.ESPlorer</class>
  <method>log</method>
  <thread>15</thread>
  <message>SendToESP: Starting...</message>
</record>
<record>
  <date>2017-10-11T15:16:55</date>
  <millis>1507749415140</millis>
  <sequence>50</sequence>
  <logger>ESPlorer.ESPlorer</logger>
  <level>INFO</level>
  <class>ESPlorer.ESPlorer</class>
  <method>log</method>
  <thread>15</thread>
  <message>sending:print("mahaddev");&lt;CR&gt;&lt;LF&gt;</message>
</record>
<record>
  <date>2017-10-11T15:16:55</date>
  <millis>1507749415144</millis>
  <sequence>51</sequence>
  <logger>ESPlorer.ESPlorer</logger>
  <level>INFO</level>
  <class>ESPlorer.ESPlorer</class>
  <method>log</method>
  <thread>15</thread>
  <message>Operation done. Duration = 33 ms</message>
</record>
<record>
  <date>2017-10-11T15:16:58</date>
  <millis>1507749418459</millis>
  <sequence>52</sequence>
  <logger>ESPlorer.ESPlorer</logger>
  <level>INFO</level>
  <class>ESPlorer.ESPlorer</class>
  <method>log</method>
  <thread>15</thread>
  <message>sending:=node.heap()&lt;CR&gt;&lt;LF&gt;</message>
</record>
<record>
  <date>2017-10-11T15:17:05</date>
  <millis>1507749425694</millis>
  <sequence>53</sequence>
  <logger>ESPlorer.ESPlorer</logger>
  <level>INFO</level>
  <class>ESPlorer.ESPlorer</class>
  <method>log</method>
  <thread>15</thread>
  <message>sending:=node.heap()&lt;CR&gt;&lt;LF&gt;</message>
</record>
<record>
  <date>2017-10-11T15:17:06</date>
  <millis>1507749426685</millis>
  <sequence>54</sequence>
  <logger>ESPlorer.ESPlorer</logger>
  <level>INFO</level>
  <class>ESPlorer.ESPlorer</class>
  <method>log</method>
  <thread>15</thread>
  <message>sending:=node.heap()&lt;CR&gt;&lt;LF&gt;</message>
</record>
<record>
  <date>2017-10-11T15:17:07</date>
  <millis>1507749427260</millis>
  <sequence>55</sequence>
  <logger>ESPlorer.ESPlorer</logger>
  <level>INFO</level>
  <class>ESPlorer.ESPlorer</class>
  <method>log</method>
  <thread>15</thread>
  <message>sending:=node.heap()&lt;CR&gt;&lt;LF&gt;</message>
</record>
<record>
  <date>2017-10-11T15:17:07</date>
  <millis>1507749427714</millis>
  <sequence>56</sequence>
  <logger>ESPlorer.ESPlorer</logger>
  <level>INFO</level>
  <class>ESPlorer.ESPlorer</class>
  <method>log</method>
  <thread>15</thread>
  <message>sending:=node.heap()&lt;CR&gt;&lt;LF&gt;</message>
</record>
<record>
  <date>2017-10-11T15:17:07</date>
  <millis>1507749427871</millis>
  <sequence>57</sequence>
  <logger>ESPlorer.ESPlorer</logger>
  <level>INFO</level>
  <class>ESPlorer.ESPlorer</class>
  <method>log</method>
  <thread>15</thread>
  <message>sending:=node.heap()&lt;CR&gt;&lt;LF&gt;</message>
</record>
<record>
  <date>2017-10-11T15:17:08</date>
  <millis>1507749428162</millis>
  <sequence>58</sequence>
  <logger>ESPlorer.ESPlorer</logger>
  <level>INFO</level>
  <class>ESPlorer.ESPlorer</class>
  <method>log</method>
  <thread>15</thread>
  <message>sending:=node.heap()&lt;CR&gt;&lt;LF&gt;</message>
</record>
<record>
  <date>2017-10-11T15:17:08</date>
  <millis>1507749428340</millis>
  <sequence>59</sequence>
  <logger>ESPlorer.ESPlorer</logger>
  <level>INFO</level>
  <class>ESPlorer.ESPlorer</class>
  <method>log</method>
  <thread>15</thread>
  <message>sending:=node.heap()&lt;CR&gt;&lt;LF&gt;</message>
</record>
<record>
  <date>2017-10-11T15:17:18</date>
  <millis>1507749438886</millis>
  <sequence>60</sequence>
  <logger>ESPlorer.ESPlorer</logger>
  <level>INFO</level>
  <class>ESPlorer.ESPlorer</class>
  <method>log</method>
  <thread>15</thread>
  <message>sending:dofile('')&lt;CR&gt;&lt;LF&gt;</message>
</record>
<record>
  <date>2017-10-11T15:17:20</date>
  <millis>1507749440421</millis>
  <sequence>61</sequence>
  <logger>ESPlorer.ESPlorer</logger>
  <level>INFO</level>
  <class>ESPlorer.ESPlorer</class>
  <method>log</method>
  <thread>15</thread>
  <message>sending:dofile('')&lt;CR&gt;&lt;LF&gt;</message>
</record>
<record>
  <date>2017-10-11T15:17:22</date>
  <millis>1507749442828</millis>
  <sequence>62</sequence>
  <logger>ESPlorer.ESPlorer</logger>
  <level>INFO</level>
  <class>ESPlorer.ESPlorer</class>
  <method>log</method>
  <thread>15</thread>
  <message>FileSaveESP: FAIL.  Can't save file to ESP without name.</message>
</record>
<record>
  <date>2017-10-11T15:17:26</date>
  <millis>1507749446781</millis>
  <sequence>63</sequence>
  <logger>ESPlorer.ESPlorer</logger>
  <level>INFO</level>
  <class>ESPlorer.ESPlorer</class>
  <method>log</method>
  <thread>15</thread>
  <message>DataSender: start "Dumb Mode"</message>
</record>
<record>
  <date>2017-10-11T15:17:26</date>
  <millis>1507749446782</millis>
  <sequence>64</sequence>
  <logger>ESPlorer.ESPlorer</logger>
  <level>INFO</level>
  <class>ESPlorer.ESPlorer</class>
  <method>log</method>
  <thread>15</thread>
  <message>SendToESP: Starting...</message>
</record>
<record>
  <date>2017-10-11T15:17:26</date>
  <millis>1507749446802</millis>
  <sequence>65</sequence>
  <logger>ESPlorer.ESPlorer</logger>
  <level>INFO</level>
  <class>ESPlorer.ESPlorer</class>
  <method>log</method>
  <thread>15</thread>
  <message>sending:print("mahaddev");&lt;CR&gt;&lt;LF&gt;</message>
</record>
<record>
  <date>2017-10-11T15:17:26</date>
  <millis>1507749446807</millis>
  <sequence>66</sequence>
  <logger>ESPlorer.ESPlorer</logger>
  <level>INFO</level>
  <class>ESPlorer.ESPlorer</class>
  <method>log</method>
  <thread>15</thread>
  <message>Operation done. Duration = 29 ms</message>
</record>
<record>
  <date>2017-10-11T15:17:48</date>
  <millis>1507749468817</millis>
  <sequence>67</sequence>
  <logger>ESPlorer.ESPlorer</logger>
  <level>INFO</level>
  <class>ESPlorer.ESPlorer</class>
  <method>log</method>
  <thread>15</thread>
  <message>sending:print("mahadev");&lt;CR&gt;&lt;LF&gt;</message>
</record>
<record>
  <date>2017-10-11T15:17:50</date>
  <millis>1507749470388</millis>
  <sequence>68</sequence>
  <logger>ESPlorer.ESPlorer</logger>
  <level>INFO</level>
  <class>ESPlorer.ESPlorer</class>
  <method>log</method>
  <thread>15</thread>
  <message>sending:print("mahadev");&lt;CR&gt;&lt;LF&gt;</message>
</record>
<record>
  <date>2017-10-11T15:17:51</date>
  <millis>1507749471020</millis>
  <sequence>69</sequence>
  <logger>ESPlorer.ESPlorer</logger>
  <level>INFO</level>
  <class>ESPlorer.ESPlorer</class>
  <method>log</method>
  <thread>15</thread>
  <message>sending:print("mahadev");&lt;CR&gt;&lt;LF&gt;</message>
</record>
<record>
  <date>2017-10-11T15:17:51</date>
  <millis>1507749471339</millis>
  <sequence>70</sequence>
  <logger>ESPlorer.ESPlorer</logger>
  <level>INFO</level>
  <class>ESPlorer.ESPlorer</class>
  <method>log</method>
  <thread>15</thread>
  <message>sending:print("mahadev");&lt;CR&gt;&lt;LF&gt;</message>
</record>
<record>
  <date>2017-10-11T15:17:51</date>
  <millis>1507749471554</millis>
  <sequence>71</sequence>
  <logger>ESPlorer.ESPlorer</logger>
  <level>INFO</level>
  <class>ESPlorer.ESPlorer</class>
  <method>log</method>
  <thread>15</thread>
  <message>sending:print("mahadev");&lt;CR&gt;&lt;LF&gt;</message>
</record>
<record>
  <date>2017-10-11T15:17:51</date>
  <millis>1507749471770</millis>
  <sequence>72</sequence>
  <logger>ESPlorer.ESPlorer</logger>
  <level>INFO</level>
  <class>ESPlorer.ESPlorer</class>
  <method>log</method>
  <thread>15</thread>
  <message>sending:print("mahadev");&lt;CR&gt;&lt;LF&gt;</message>
</record>
<record>
  <date>2017-10-11T15:17:51</date>
  <millis>1507749471954</millis>
  <sequence>73</sequence>
  <logger>ESPlorer.ESPlorer</logger>
  <level>INFO</level>
  <class>ESPlorer.ESPlorer</class>
  <method>log</method>
  <thread>15</thread>
  <message>sending:print("mahadev");&lt;CR&gt;&lt;LF&gt;</message>
</record>
<record>
  <date>2017-10-11T15:17:52</date>
  <millis>1507749472134</millis>
  <sequence>74</sequence>
  <logger>ESPlorer.ESPlorer</logger>
  <level>INFO</level>
  <class>ESPlorer.ESPlorer</class>
  <method>log</method>
  <thread>15</thread>
  <message>sending:print("mahadev");&lt;CR&gt;&lt;LF&gt;</message>
</record>
<record>
  <date>2017-10-11T15:17:52</date>
  <millis>1507749472325</millis>
  <sequence>75</sequence>
  <logger>ESPlorer.ESPlorer</logger>
  <level>INFO</level>
  <class>ESPlorer.ESPlorer</class>
  <method>log</method>
  <thread>15</thread>
  <message>sending:print("mahadev");&lt;CR&gt;&lt;LF&gt;</message>
</record>
<record>
  <date>2017-10-11T15:17:52</date>
  <millis>1507749472503</millis>
  <sequence>76</sequence>
  <logger>ESPlorer.ESPlorer</logger>
  <level>INFO</level>
  <class>ESPlorer.ESPlorer</class>
  <method>log</method>
  <thread>15</thread>
  <message>sending:print("mahadev");&lt;CR&gt;&lt;LF&gt;</message>
</record>
<record>
  <date>2017-10-11T15:17:52</date>
  <millis>1507749472686</millis>
  <sequence>77</sequence>
  <logger>ESPlorer.ESPlorer</logger>
  <level>INFO</level>
  <class>ESPlorer.ESPlorer</class>
  <method>log</method>
  <thread>15</thread>
  <message>sending:print("mahadev");&lt;CR&gt;&lt;LF&gt;</message>
</record>
<record>
  <date>2017-10-11T15:17:52</date>
  <millis>1507749472861</millis>
  <sequence>78</sequence>
  <logger>ESPlorer.ESPlorer</logger>
  <level>INFO</level>
  <class>ESPlorer.ESPlorer</class>
  <method>log</method>
  <thread>15</thread>
  <message>sending:print("mahadev");&lt;CR&gt;&lt;LF&gt;</message>
</record>
<record>
  <date>2017-10-11T15:17:53</date>
  <millis>1507749473038</millis>
  <sequence>79</sequence>
  <logger>ESPlorer.ESPlorer</logger>
  <level>INFO</level>
  <class>ESPlorer.ESPlorer</class>
  <method>log</method>
  <thread>15</thread>
  <message>sending:print("mahadev");&lt;CR&gt;&lt;LF&gt;</message>
</record>
<record>
  <date>2017-10-11T15:17:53</date>
  <millis>1507749473221</millis>
  <sequence>80</sequence>
  <logger>ESPlorer.ESPlorer</logger>
  <level>INFO</level>
  <class>ESPlorer.ESPlorer</class>
  <method>log</method>
  <thread>15</thread>
  <message>sending:print("mahadev");&lt;CR&gt;&lt;LF&gt;</message>
</record>
<record>
  <date>2017-10-11T15:17:53</date>
  <millis>1507749473785</millis>
  <sequence>81</sequence>
  <logger>ESPlorer.ESPlorer</logger>
  <level>INFO</level>
  <class>ESPlorer.ESPlorer</class>
  <method>log</method>
  <thread>15</thread>
  <message>sending:print("mahadev");&lt;CR&gt;&lt;LF&gt;</message>
</record>
<record>
  <date>2017-10-11T15:17:54</date>
  <millis>1507749474005</millis>
  <sequence>82</sequence>
  <logger>ESPlorer.ESPlorer</logger>
  <level>INFO</level>
  <class>ESPlorer.ESPlorer</class>
  <method>log</method>
  <thread>15</thread>
  <message>sending:print("mahadev");&lt;CR&gt;&lt;LF&gt;</message>
</record>
<record>
  <date>2017-10-11T15:17:54</date>
  <millis>1507749474192</millis>
  <sequence>83</sequence>
  <logger>ESPlorer.ESPlorer</logger>
  <level>INFO</level>
  <class>ESPlorer.ESPlorer</class>
  <method>log</method>
  <thread>15</thread>
  <message>sending:print("mahadev");&lt;CR&gt;&lt;LF&gt;</message>
</record>
<record>
  <date>2017-10-11T15:17:54</date>
  <millis>1507749474392</millis>
  <sequence>84</sequence>
  <logger>ESPlorer.ESPlorer</logger>
  <level>INFO</level>
  <class>ESPlorer.ESPlorer</class>
  <method>log</method>
  <thread>15</thread>
  <message>sending:print("mahadev");&lt;CR&gt;&lt;LF&gt;</message>
</record>
<record>
  <date>2017-10-11T15:17:54</date>
  <millis>1507749474584</millis>
  <sequence>85</sequence>
  <logger>ESPlorer.ESPlorer</logger>
  <level>INFO</level>
  <class>ESPlorer.ESPlorer</class>
  <method>log</method>
  <thread>15</thread>
  <message>sending:print("mahadev");&lt;CR&gt;&lt;LF&gt;</message>
</record>
<record>
  <date>2017-10-11T15:17:54</date>
  <millis>1507749474776</millis>
  <sequence>86</sequence>
  <logger>ESPlorer.ESPlorer</logger>
  <level>INFO</level>
  <class>ESPlorer.ESPlorer</class>
  <method>log</method>
  <thread>15</thread>
  <message>sending:print("mahadev");&lt;CR&gt;&lt;LF&gt;</message>
</record>
<record>
  <date>2017-10-11T15:17:54</date>
  <millis>1507749474941</millis>
  <sequence>87</sequence>
  <logger>ESPlorer.ESPlorer</logger>
  <level>INFO</level>
  <class>ESPlorer.ESPlorer</class>
  <method>log</method>
  <thread>15</thread>
  <message>sending:print("mahadev");&lt;CR&gt;&lt;LF&gt;</message>
</record>
<record>
  <date>2017-10-11T15:18:08</date>
  <millis>1507749488135</millis>
  <sequence>88</sequence>
  <logger>ESPlorer.ESPlorer</logger>
  <level>INFO</level>
  <class>ESPlorer.ESPlorer</class>
  <method>log</method>
  <thread>15</thread>
  <message>Snippets: loading...</message>
</record>
<record>
  <date>2017-10-11T15:18:08</date>
  <millis>1507749488142</millis>
  <sequence>89</sequence>
  <logger>ESPlorer.ESPlorer</logger>
  <level>INFO</level>
  <class>ESPlorer.ESPlorer</class>
  <method>log</method>
  <thread>15</thread>
  <message>Snippets load: Success.</message>
</record>
<record>
  <date>2017-10-11T15:18:08</date>
  <millis>1507749488191</millis>
  <sequence>90</sequence>
  <logger>ESPlorer.ESPlorer</logger>
  <level>INFO</level>
  <class>ESPlorer.ESPlorer</class>
  <method>log</method>
  <thread>15</thread>
  <message>Snippets: loading...</message>
</record>
<record>
  <date>2017-10-11T15:18:08</date>
  <millis>1507749488193</millis>
  <sequence>91</sequence>
  <logger>ESPlorer.ESPlorer</logger>
  <level>INFO</level>
  <class>ESPlorer.ESPlorer</class>
  <method>log</method>
  <thread>15</thread>
  <message>Snippets load: Success.</message>
</record>
<record>
  <date>2017-10-11T15:18:09</date>
  <millis>1507749489221</millis>
  <sequence>92</sequence>
  <logger>ESPlorer.ESPlorer</logger>
  <level>INFO</level>
  <class>ESPlorer.ESPlorer</class>
  <method>log</method>
  <thread>15</thread>
  <message>Snippets: loading...</message>
</record>
<record>
  <date>2017-10-11T15:18:09</date>
  <millis>1507749489224</millis>
  <sequence>93</sequence>
  <logger>ESPlorer.ESPlorer</logger>
  <level>INFO</level>
  <class>ESPlorer.ESPlorer</class>
  <method>log</method>
  <thread>15</thread>
  <message>Snippets load: Success.</message>
</record>
<record>
  <date>2017-10-11T15:18:09</date>
  <millis>1507749489782</millis>
  <sequence>94</sequence>
  <logger>ESPlorer.ESPlorer</logger>
  <level>INFO</level>
  <class>ESPlorer.ESPlorer</class>
  <method>log</method>
  <thread>15</thread>
  <message>Snippets: loading...</message>
</record>
<record>
  <date>2017-10-11T15:18:09</date>
  <millis>1507749489789</millis>
  <sequence>95</sequence>
  <logger>ESPlorer.ESPlorer</logger>
  <level>INFO</level>
  <class>ESPlorer.ESPlorer</class>
  <method>log</method>
  <thread>15</thread>
  <message>Snippets load: Success.</message>
</record>
<record>
  <date>2017-10-11T15:18:23</date>
  <millis>1507749503652</millis>
  <sequence>96</sequence>
  <logger>ESPlorer.ESPlorer</logger>
  <level>INFO</level>
  <class>ESPlorer.ESPlorer</class>
  <method>log</method>
  <thread>32</thread>
  <message>FileManager: Unknown serial port error received.</message>
</record>
<record>
  <date>2017-10-11T15:18:23</date>
  <millis>1507749503660</millis>
  <sequence>97</sequence>
  <logger>ESPlorer.ESPlorer</logger>
  <level>INFO</level>
  <class>ESPlorer.ESPlorer</class>
  <method>log</method>
  <thread>32</thread>
  <message>FileManager: Unknown serial port error received.</message>
</record>
<record>
  <date>2017-10-11T15:18:23</date>
  <millis>1507749503669</millis>
  <sequence>98</sequence>
  <logger>ESPlorer.ESPlorer</logger>
  <level>INFO</level>
  <class>ESPlorer.ESPlorer</class>
  <method>log</method>
  <thread>32</thread>
  <message>FileManager: Unknown serial port error received.</message>
</record>
<record>
  <date>2017-10-11T15:18:23</date>
  <millis>1507749503698</millis>
  <sequence>99</sequence>
  <logger>ESPlorer.ESPlorer</logger>
  <level>INFO</level>
  <class>ESPlorer.ESPlorer</class>
  <method>log</method>
  <thread>32</thread>
  <message>FileManager: Unknown serial port error received.</message>
</record>
<record>
  <date>2017-10-11T15:18:23</date>
  <millis>1507749503700</millis>
  <sequence>100</sequence>
  <logger>ESPlorer.ESPlorer</logger>
  <level>INFO</level>
  <class>ESPlorer.ESPlorer</class>
  <method>log</method>
  <thread>32</thread>
  <message>FileManager: Unknown serial port error received.</message>
</record>
<record>
  <date>2017-10-11T15:18:23</date>
  <millis>1507749503708</millis>
  <sequence>101</sequence>
  <logger>ESPlorer.ESPlorer</logger>
  <level>INFO</level>
  <class>ESPlorer.ESPlorer</class>
  <method>log</method>
  <thread>32</thread>
  <message>FileManager: Unknown serial port error received.</message>
</record>
<record>
  <date>2017-10-11T15:18:23</date>
  <millis>1507749503715</millis>
  <sequence>102</sequence>
  <logger>ESPlorer.ESPlorer</logger>
  <level>INFO</level>
  <class>ESPlorer.ESPlorer</class>
  <method>log</method>
  <thread>32</thread>
  <message>FileManager: Unknown serial port error received.</message>
</record>
<record>
  <date>2017-10-11T15:18:23</date>
  <millis>1507749503733</millis>
  <sequence>103</sequence>
  <logger>ESPlorer.ESPlorer</logger>
  <level>INFO</level>
  <class>ESPlorer.ESPlorer</class>
  <method>log</method>
  <thread>32</thread>
  <message>FileManager: Unknown serial port error received.</message>
</record>
<record>
  <date>2017-10-11T15:18:23</date>
  <millis>1507749503751</millis>
  <sequence>104</sequence>
  <logger>ESPlorer.ESPlorer</logger>
  <level>INFO</level>
  <class>ESPlorer.ESPlorer</class>
  <method>log</method>
  <thread>32</thread>
  <message>FileManager: Unknown serial port error received.</message>
</record>
<record>
  <date>2017-10-11T15:18:23</date>
  <millis>1507749503948</millis>
  <sequence>105</sequence>
  <logger>ESPlorer.ESPlorer</logger>
  <level>INFO</level>
  <class>ESPlorer.ESPlorer</class>
  <method>log</method>
  <thread>32</thread>
  <message>FileManager: Unknown serial port error received.</message>
</record>
<record>
  <date>2017-10-11T15:18:23</date>
  <millis>1507749503955</millis>
  <sequence>106</sequence>
  <logger>ESPlorer.ESPlorer</logger>
  <level>INFO</level>
  <class>ESPlorer.ESPlorer</class>
  <method>log</method>
  <thread>32</thread>
  <message>FileManager: Unknown serial port error received.</message>
</record>
<record>
  <date>2017-10-11T15:31:13</date>
  <millis>1507750273697</millis>
  <sequence>107</sequence>
  <logger>ESPlorer.ESPlorer</logger>
  <level>INFO</level>
  <class>ESPlorer.ESPlorer</class>
  <method>log</method>
  <thread>15</thread>
  <message>jssc.SerialPortException: Port name - COM4; Method name - closePort(); Exception type - Port not opened.</message>
</record>
<record>
  <date>2017-10-11T15:31:15</date>
  <millis>1507750275994</millis>
  <sequence>108</sequence>
  <logger>ESPlorer.ESPlorer</logger>
  <level>INFO</level>
  <class>ESPlorer.ESPlorer</class>
  <method>log</method>
  <thread>15</thread>
  <message>File changed. Ask before closing.</message>
</record>
<record>
  <date>2017-10-11T15:31:17</date>
  <millis>1507750277886</millis>
  <sequence>109</sequence>
  <logger>ESPlorer.ESPlorer</logger>
  <level>INFO</level>
  <class>ESPlorer.ESPlorer</class>
  <method>log</method>
  <thread>15</thread>
  <message>User select: Close anyway.</message>
</record>
<record>
  <date>2017-10-11T15:31:17</date>
  <millis>1507750277889</millis>
  <sequence>110</sequence>
  <logger>ESPlorer.ESPlorer</logger>
  <level>INFO</level>
  <class>ESPlorer.ESPlorer</class>
  <method>log</method>
  <thread>15</thread>
  <message>FileTab cleared: Success.</message>
</record>
<record>
  <date>2017-10-11T15:31:17</date>
  <millis>1507750277890</millis>
  <sequence>111</sequence>
  <logger>ESPlorer.ESPlorer</logger>
  <level>INFO</level>
  <class>ESPlorer.ESPlorer</class>
  <method>log</method>
  <thread>15</thread>
  <message>File close: Success.</message>
</record>
</log>
